<?xml version="1.0" encoding="UTF-8"?>
<!-- Generated by org.testng.reporters.JUnitReportReporter -->
<testsuite hostname="LAPTOP-2B7VB39F" name="testCases.VerifyHomePage" tests="1" failures="0" timestamp="28 May 2017 17:25:45 GMT" time="136.270" errors="0">
  <testcase name="testHomePage" time="136.270" classname="testCases.VerifyHomePage"/>
</testsuite> <!-- testCases.VerifyHomePage -->
