<?xml version="1.0" encoding="UTF-8"?>
<!-- Generated by org.testng.reporters.JUnitReportReporter -->
<testsuite hostname="LAPTOP-2B7VB39F" name="testCases.VerifyLoginPage" tests="1" failures="0" timestamp="13 May 2017 10:32:39 GMT" time="122.739" errors="0">
  <testcase name="verifyLoginFunctionality" time="122.739" classname="testCases.VerifyLoginPage"/>
</testsuite> <!-- testCases.VerifyLoginPage -->
