<?xml version="1.0" encoding="UTF-8"?>
<!-- Generated by org.testng.reporters.JUnitReportReporter -->
<testsuite hostname="DVCIL2625036" name="testCases.VerifyLoginPageWithReport" tests="1" failures="0" timestamp="9 May 2017 05:24:48 GMT" time="8.048" errors="0">
  <testcase name="verifyLoginFunctionality" time="8.048" classname="testCases.VerifyLoginPageWithReport"/>
</testsuite> <!-- testCases.VerifyLoginPageWithReport -->
